0 verbose cli /usr/bin/node /usr/lib/node_modules/npm/bin/npm-cli.js
1 info using npm@11.16.0
2 info using node@v26.2.0
3 silly config load:file:/usr/lib/node_modules/npm/npmrc
4 silly config load:file:/home/karabo/projects/authenik8-core/.npmrc
5 silly config load:file:/home/karabo/.npmrc
6 silly config load:file:/etc/npmrc
7 verbose title npm exec node@20 node_modules/vitest/vitest.mjs run --config vitest.integration.config.ts --no-file-parallelism
8 verbose argv "exec" "--yes" "--" "node@20" "node_modules/vitest/vitest.mjs" "run" "--config" "vitest.integration.config.ts" "--no-file-parallelism"
9 verbose logfile logs-max:10 dir:/home/karabo/projects/authenik8-core/.npm/_logs/2026-06-12T21_30_55_927Z-
10 verbose logfile /home/karabo/projects/authenik8-core/.npm/_logs/2026-06-12T21_30_55_927Z-debug-0.log
11 silly logfile start cleaning logs, removing 1 files
12 silly logfile done cleaning log files
13 silly packumentCache heap:2248146944 maxSize:562036736 maxEntrySize:281018368
14 verbose shrinkwrap failed to load node_modules/.package-lock.json out of date, updated: node_modules
15 http fetch GET 200 https://registry.npmjs.org/node 380ms (cache revalidated)
16 silly packumentCache heap:2248146944 maxSize:562036736 maxEntrySize:281018368
17 silly packumentCache heap:2248146944 maxSize:562036736 maxEntrySize:281018368
18 silly idealTree buildDeps
19 silly fetch manifest node@20.20.2
20 silly packumentCache full:https://registry.npmjs.org/node cache-miss
21 http cache https://registry.npmjs.org/node 48ms (cache hit)
22 silly packumentCache full:https://registry.npmjs.org/node set size:1303996 disposed:false
23 silly placeDep ROOT node@20.20.2 REPLACE for:  want: 20.20.2
24 silly reify moves {}
25 silly audit bulk request { 'node-bin-setup': [ '1.1.4' ], node: [ '20.20.2' ] }
26 http fetch POST 200 https://registry.npmjs.org/-/npm/v1/security/advisories/bulk 479ms
27 silly audit report {}
28 verbose cwd /home/karabo/projects/authenik8-core
29 verbose os Linux 7.0.11-arch1-1
30 verbose node v26.2.0
31 verbose npm  v11.16.0
32 verbose exit 0
33 info ok
