0 verbose cli /usr/bin/node /usr/lib/node_modules/npm/bin/npm-cli.js
1 info using npm@11.16.0
2 info using node@v26.2.0
3 silly config load:file:/usr/lib/node_modules/npm/npmrc
4 silly config load:file:/home/karabo/projects/authenik8-core/.npmrc
5 silly config load:file:/home/karabo/.npmrc
6 silly config load:file:/etc/npmrc
7 verbose title npm exec node@20 node_modules/typescript/bin/tsc --noEmit -p tsconfig.typecheck.json
8 verbose argv "exec" "--yes" "--" "node@20" "node_modules/typescript/bin/tsc" "--noEmit" "-p" "tsconfig.typecheck.json"
9 verbose logfile logs-max:10 dir:/home/karabo/projects/authenik8-core/.npm/_logs/2026-06-12T21_32_03_731Z-
10 verbose logfile /home/karabo/projects/authenik8-core/.npm/_logs/2026-06-12T21_32_03_731Z-debug-0.log
11 silly logfile start cleaning logs, removing 1 files
12 silly logfile done cleaning log files
13 silly packumentCache heap:2248146944 maxSize:562036736 maxEntrySize:281018368
14 verbose shrinkwrap failed to load node_modules/.package-lock.json out of date, updated: node_modules
15 http fetch GET https://registry.npmjs.org/node attempt 1 failed with EAI_AGAIN
16 http fetch GET https://registry.npmjs.org/node attempt 2 failed with EAI_AGAIN
17 http fetch GET https://registry.npmjs.org/node attempt 3 failed with EAI_AGAIN
18 http fetch GET 200 https://registry.npmjs.org/node 70084ms (cache stale)
19 silly packumentCache heap:2248146944 maxSize:562036736 maxEntrySize:281018368
20 silly packumentCache heap:2248146944 maxSize:562036736 maxEntrySize:281018368
21 silly idealTree buildDeps
22 silly fetch manifest node@20.20.2
23 silly packumentCache full:https://registry.npmjs.org/node cache-miss
24 http cache https://registry.npmjs.org/node 11ms (cache hit)
25 silly packumentCache full:https://registry.npmjs.org/node set size:1303996 disposed:false
26 silly placeDep ROOT node@20.20.2 REPLACE for:  want: 20.20.2
27 silly reify moves {}
28 silly audit bulk request { 'node-bin-setup': [ '1.1.4' ], node: [ '20.20.2' ] }
29 verbose audit error FetchError: request to https://registry.npmjs.org/-/npm/v1/security/advisories/bulk failed, reason: getaddrinfo EAI_AGAIN registry.npmjs.org
29 verbose audit error     at ClientRequest.<anonymous> (/usr/lib/node_modules/npm/node_modules/minipass-fetch/lib/index.js:130:14)
29 verbose audit error     at ClientRequest.emit (node:events:509:20)
29 verbose audit error     at emitErrorEvent (node:_http_client:109:11)
29 verbose audit error     at _destroy (node:_http_client:993:9)
29 verbose audit error     at onSocketNT (node:_http_client:1014:5)
29 verbose audit error     at process.processTicksAndRejections (node:internal/process/task_queues:91:21) {
29 verbose audit error   code: 'EAI_AGAIN',
29 verbose audit error   errno: 'EAI_AGAIN',
29 verbose audit error   syscall: 'getaddrinfo',
29 verbose audit error   hostname: 'registry.npmjs.org',
29 verbose audit error   type: 'system'
29 verbose audit error }
30 silly audit error undefined
31 silly audit report null
32 verbose cwd /home/karabo/projects/authenik8-core
33 verbose os Linux 7.0.11-arch1-1
34 verbose node v26.2.0
35 verbose npm  v11.16.0
36 verbose exit 0
37 info ok
