0 verbose cli /usr/bin/node /usr/lib/node_modules/npm/bin/npm-cli.js
1 info using npm@11.16.0
2 info using node@v26.2.0
3 silly config load:file:/usr/lib/node_modules/npm/npmrc
4 silly config load:file:/home/karabo/projects/authenik8-core/.npmrc
5 silly config load:file:/home/karabo/.npmrc
6 silly config load:file:/etc/npmrc
7 verbose title npm exec node@22 --version
8 verbose argv "exec" "--yes" "--" "node@22" "--version"
9 verbose logfile logs-max:10 dir:/home/karabo/projects/authenik8-core/.npm/_logs/2026-06-12T21_30_11_018Z-
10 verbose logfile /home/karabo/projects/authenik8-core/.npm/_logs/2026-06-12T21_30_11_018Z-debug-0.log
11 silly logfile start cleaning logs, removing 1 files
12 silly logfile done cleaning log files
13 silly packumentCache heap:2248146944 maxSize:562036736 maxEntrySize:281018368
14 verbose shrinkwrap failed to load node_modules/.package-lock.json out of date, updated: node_modules
15 http fetch GET 200 https://registry.npmjs.org/node 119ms (cache revalidated)
16 silly packumentCache heap:2248146944 maxSize:562036736 maxEntrySize:281018368
17 silly packumentCache heap:2248146944 maxSize:562036736 maxEntrySize:281018368
18 silly idealTree buildDeps
19 silly fetch manifest node@22.22.3
20 silly packumentCache full:https://registry.npmjs.org/node cache-miss
21 http cache https://registry.npmjs.org/node 11ms (cache hit)
22 silly packumentCache full:https://registry.npmjs.org/node set size:1303996 disposed:false
23 silly placeDep ROOT node@22.22.3 OK for:  want: 22.22.3
24 silly fetch manifest node-bin-setup@^1.0.0
25 silly packumentCache full:https://registry.npmjs.org/node-bin-setup cache-miss
26 http cache https://registry.npmjs.org/node-bin-setup 4ms (cache hit)
27 silly packumentCache full:https://registry.npmjs.org/node-bin-setup set size:17527 disposed:false
28 silly placeDep ROOT node-bin-setup@1.1.4 OK for: node@22.22.3 want: ^1.0.0
29 silly reify moves {}
30 silly audit bulk request { node: [ '22.22.3' ], 'node-bin-setup': [ '1.1.4' ] }
31 http cache node-bin-setup@https://registry.npmjs.org/node-bin-setup/-/node-bin-setup-1.1.4.tgz 1ms (cache hit)
32 http cache node@https://registry.npmjs.org/node/-/node-22.22.3.tgz 0ms (cache hit)
33 silly tarball no local data for node@https://registry.npmjs.org/node/-/node-22.22.3.tgz. Extracting by manifest.
34 http fetch GET 200 https://registry.npmjs.org/node/-/node-22.22.3.tgz 77ms (cache miss)
35 info run node@22.22.3 preinstall node_modules/node node installArchSpecificPackage
36 http fetch POST 200 https://registry.npmjs.org/-/npm/v1/security/advisories/bulk 432ms
37 silly audit report {}
38 info run node@22.22.3 preinstall { code: 0, signal: null }
39 verbose cwd /home/karabo/projects/authenik8-core
40 verbose os Linux 7.0.11-arch1-1
41 verbose node v26.2.0
42 verbose npm  v11.16.0
43 verbose exit 0
44 info ok
